<?xml version="1.0" encoding="UTF-8"?>
<!-- Generated by org.testng.reporters.JUnitXMLReporter -->
<testsuite hostname="SATWADDE" ignored="2" name="Test" tests="1" failures="0" timestamp="08 Aug 2020 05:28:15 GMT" time="25.487" errors="0">
  <testcase name="TC01" time="16.123" classname="ecommerce.hybrid.testrunner.HybridTestRunner"/>
  <testcase name="TC03" time="0.0" classname="ecommerce.hybrid.testrunner.HybridTestRunner">
    <ignored/>
  </testcase> <!-- TC03 -->
  <testcase name="TC02" time="0.0" classname="ecommerce.hybrid.testrunner.HybridTestRunner">
    <ignored/>
  </testcase> <!-- TC02 -->
</testsuite> <!-- Test -->
