<?xml version="1.0" encoding="UTF-8"?>
<!-- Generated by org.testng.reporters.JUnitXMLReporter -->
<testsuite hostname="SATWADDE" ignored="2" name="Test" tests="1" failures="0" timestamp="10 Aug 2020 07:18:28 GMT" time="23.566" errors="0">
  <testcase name="TC03" time="14.177" classname="ecommerce.hybrid.testrunner.HybridTestRunner"/>
  <testcase name="TC01" time="0.0" classname="ecommerce.hybrid.testrunner.HybridTestRunner">
    <ignored/>
  </testcase> <!-- TC01 -->
  <testcase name="TC02" time="0.0" classname="ecommerce.hybrid.testrunner.HybridTestRunner">
    <ignored/>
  </testcase> <!-- TC02 -->
</testsuite> <!-- Test -->
